# 인덱스 성능 개선 전략
###### 인덱스는 데이터베이스 성능 최적화에서 중요한 역할을 담당하는 요소이다. 특히, 대규모 데이터 셋에서 효율적인 데이터 조회와 필터링을 위해 필수적이다. 여기서는 MySQL 데이터베이스에서 쿼리 성능을 분석하고, 이를 기반으로 인덱스를 활용한 성능 개선 전략을 제안하고자 한다.   

<br>
   
## 1. 기존 쿼리에 대해 EXPLAIN ANALYZE 실행
###### 콘서트 조회 시 예약 가능한 날짜와 좌석을 조회하는 쿼리는 조인을 사용하는 만큼, 적절한 인덱스 적용 시 성능 개선 효과를 기대할 수 있기 때문에 선정
```sql
SELECT
  OPT.CONCERT_ID AS CONCERT_ID,
  OPT.ID AS CONCERT_OPTION_ID,
  OPT.CONCERT_DATE AS CONCERT_DATE,
  S.ID AS SEAT_ID,
  S.SEAT_NUMBER AS SEAT_NUMBER,
  S.PRICE AS SEAT_PRICE,
  S.STATUS AS SEAT_STATUS
FROM CONCERT_OPTION OPT
  JOIN SEAT S ON OPT.ID = S.CONCERT_OPTION_ID AND	OPT.CONCERT_DATE > NOW()
WHERE 1=1
  AND OPT.CONCERT_ID = 1
  AND S.STATUS = 'UNLOCKED';
```

<br>
   
### 1-1. EXPLAIN ANALYZE 실행 결과
```sql
-- [전체 요약: Nested loop inner join]
-- 데이터베이스가 두 개의 테이블(CONCERT_OPTION, SEAT)을 연결하기 위해 "중첩된 루프 조인" 사용
(cost=72872 rows=2680)  -- 데이터베이스가 이 작업을 수행하는 데 예상되는 비용과 처리할 행의 수
(actual time=0.193..292 rows=1000 loops=1)  -- 실제로 걸린 시간과 처리된 행의 수
                                            -- 0.193밀리초에서 0.292밀리초까지의 범위

    -- [첫 번째 단계: SEAT 테이블에서 필터링]
    -- SEAT 테이블에서 "status"가 0(='UNLOCKED')이고 "concert_option_id"가 NULL이 아닌 데이터를 필터링
    -> Filter: 
       ((s.status = 0) AND
       (s.concert_option_id IS NOT NULL))
       (cost=54110 rows=53605)
       (actual time=0.154..156 rows=537705 loops=1)
        
        -- [세부 단계: FULL TABLE SCAN - SEAT TABLE]
        -- SEAT 테이블의 모든 데이터를 하나씩 확인
        -> Table scan on S  
           (cost=54110 rows=536053)
           (actual time=0.151..123 rows=537705 loops=1)
    
    -- [두 번째 단계: CONCERT_OPTION 테이블에서 필터링]
    -- CONCERT_OPTION 테이블에서 조건에 맞는 데이터를 찾아 연결
    -> Filter: 
       ((opt.concert_id = 1) AND  -- concert_id가 1인 데이터를 필터
       (opt.concert_date > <cache>(now())))  -- concert_date가 현재 시간보다 나중인 데이터를 필터
       (cost=0.25 rows=0.05)
       (actual time=190e-6..191e-6 rows=0.00186 loops=537705) -- 190e-6 : 마이크로초 단위 > 쿼리의 속도가 매우 빠름을 알 수 있다
        
        -- [세부 단계: CONCERT_OPTION 테이블에서 인덱스를 사용한 조회]
        -- CONCERT_OPTION 테이블에서 인덱스를 사용하여 필요한 데이터를 조회
        -> Single-row index lookup on OPT 
           using PRIMARY (id=s.concert_option_id)  -- PK가 인덱스로 사용됨
           (cost=0.25 rows=1)
           (actual time=60.7e-6..82e-6 rows=1 loops=537705)

```

<br>
   
### 1-2. 분석
#### 1) Nested Loop Join
- 이 쿼리의 총 예상 비용은 72872, 예상된 결과 행 수는 2680이고, 실제로는 0.193밀리초에서 292밀리초 사이에 1000개의 행이 반환되었다.
- Nested Loop Join은 성능 저하의 우려가 있다.
   
#### 2) Filter - SEAT TABLE
- 53605개의 행이 필터링될 것으로 예상되었으나 실제로는 537705개의 행이 처리되어 예상보다 훨씬 많은 행이 처리되었음을 알 수 있다.
- FULL TABLE SCAN은 인덱스를 사용하지 않고 모든 행을 읽는 방식인데, 인덱스가 유용하지 않거나 인덱스를 사용할 때보다 전체 테이블을 스캔하는 것이 더 효율적일 때 사용된다. 다만 전체 테이블 스캔이기 때문에 성능이 저하될 수 있다.

#### 3) Filter - CONCERT_OPTION TABLE
- cost 0.25, row 0.05로 예상된 비용과 행 수가 매우 낮다. 이는 인덱스 사용 덕분에 효율적인 조회가 이루어진 것을 시사한다.
- 실제로도 매우 빠르게 처리되었으며 537705번의 반복에서 1.86개의 행이 처리되었다.

<br>
   
### 1-3. 최적화 방안
#### 1) 인덱스 사용 확인
> SEAT 테이블에 대해 전체 테이블 스캔이 발생하지 않도록 인덱스를 추가
#### 2) 조인 순서 조정
> Nested Loop Join으로 인해 CONCERT_OPTION 테이블에 대한 반복적인 인덱스 조회가 발생하고 있으므로 조인 순서를 변경하거나 쿼리 리팩터링을 통해 성능 개선
#### 3) 필터링 조건 최적화
> 필터링 조건을 쿼리의 초기 단계에서 더 효과적으로 적용할 수 있는 방법을 고려   
#### 🔎 여기서는 문서의 목적에 맞게 인덱스를 사용하여 성능 개선을 진행해 본다.   

<br>

## 2. 인덱스 생성 전략
###### 인덱스를 설계할 때는 카디널리티, 쿼리 패턴, 인덱스 유형, 업데이트 성능 등을 고려해야 한다.
### 2-1. 인덱스 설계의 기본 개념
#### 1) 카디널리티 (Cardinality)
- 카디널리티는 특정 컬럼의 중복 수치를 나타내는 지표이다. 중복도가 높으면 카디널리티가 낮고(성별, 학년 등), 중복도가 낮으면 카디널리티가 높다(학번, 주민등록번호 등).
- 인덱스를 추가할 때는 높은 카디널리티를 가진 열에 인덱스를 추가하는 것이 효율적이다. 데이터베이스에 컬럼을 삽입 시 기본값이 B-TREE 방식으로 작동하게 되는데, B-TREE의 특성상 범위를 크게 줄일 수 있는 것부터 탐색하는 것이 효율적이기 때문이다.
   
### 2) 쿼리 패턴 (Query Patterns)
- 인덱스는 쿼리에서 자주 사용되는 필터링 조건, 조인 조건, 정렬 조건 등에 맞춰 설계해야 한다. 쿼리에서 자주 사용되는 열을 기반으로 인덱스를 생성함으로써 검색 성능을 개선할 수 있다.
   
### 3) 인덱스 유형 (Index Types)
- 단일 열 인덱스 (Single-column Index): 하나의 열에 대해 인덱스를 생성. 간단한 조회나 필터링에 유용하다.
- 복합 인덱스 (Composite Index): 여러 열을 포함하는 인덱스. 여러 조건을 동시에 사용하는 쿼리에서 성능을 크게 향상시킬 수 있다.
- 유니크 인덱스 (Unique Index): 열의 값이 유일해야 하는 경우 사용. 데이터 무결성을 유지하는 데 도움을 준다.
   
### 4) 인덱스의 비용과 유지 관리 (Cost and Maintenance)
- 인덱스는 읽기 성능을 개선하지만, 쓰기 성능에는 영향을 줄 수 있다. 데이터 삽입, 업데이트, 삭제 작업 시 인덱스도 함께 업데이트되기 때문에 인덱스가 많을수록 쓰기 성능이 저하될 수 있다.

<br>

### 2-2. 인덱스 추가 이유 및 전략
#### 1) SEAT TABLE 인덱스 추가
- 문제 : SEAT TABLE에 대한 FULL TABLE SCAN
- 해결방법 : SEAT 테이블에 status와 concert_option_id 열을 포함하는 복합 인덱스를 추가한다. 이 인덱스는 status가 특정 값 ('0')이고, concert_option_id가 NULL이 아닌 조건을 신속하게 처리할 수 있도록 돕는다.
- 카디널리티 고려 : status는 상대적으로 낮은 카디널리티지만, concert_option_id는 높은 카디널리티를 가지므로 복합 인덱스가 필터링 성능을 크게 향상시킬 수 있다.
  ```sql
  CREATE INDEX idx_seat_status_option_id ON SEAT (status, concert_option_id);
  ```

#### 2) CONCERT_OPTION TABLE 인덱스 추가
- 문제 : CONCERT_OPTION 테이블에서 concert_id와 concert_date에 대한 필터링이 자주 발생한다. 현재는 인덱스가 없어 성능이 저하될 수 있다.
- 해결 방법 : CONCERT_OPTION 테이블에 concert_id와 concert_date, id를 포함하는 복합 인덱스를 추가한다. 이 인덱스는 쿼리에서 CONCERT_ID로 먼저 필터링하고, CONCERT_DATE로 추가 필터링한 후, 조인 조건에서 사용되는 ID를 효과적으로 찾을 수 있도록 검색 성능을 향상시킨다.
- 카디널리티 고려 : concert_id는 상대적으로 낮은 카디널리티지만, concert_date는 높은 카디널리티를 가지므로 두 열을 포함하는 복합 인덱스가 필터링 성능을 개선할 수 있다. 
  ```sql
  CREATE INDEX idx_concert_option_id_date ON CONCERT_OPTION (concert_id, concert_date, id);
  ```

<br>

### 2-3. 검증
###### 인덱스 추가 후 EXPLAIN ANALYZE로 분석
```sql 
-> Nested loop inner join
   (cost=466 rows=1323)
   (actual time=0.225..1.67 rows=1000 loops=1)

    -> Filter: ((opt.concert_id = 1) and (opt.concert_date > <cache>(now())))
               (cost=2.96 rows=10)
               (actual time=0.0237..0.0399 rows=10 loops=1)
        -> Covering index range scan on OPT
           using idx_opt_concert_id_date_id over (concert_id = 1 AND '2024-08-09 02:38:25.000000' < concert_date)
           (cost=2.96 rows=10)
           (actual time=0.0208..0.0336 rows=10 loops=1)
        -> Index lookup on S
           using idx_s_status_option_id (status=0, concert_option_id=opt.id)
           (cost=34.4 rows=132)
           (actual time=0.135..0.155 rows=100 loops=10)
```
   
#### 1) Nested Loop Inner Join (중첩 루프 조인)
- 예상 비용은 466이고, 예상 행 수는 1323개이다.
- 실제 실행 시간은 0.225밀리초에서 1.67밀리초 사이이며, 반환된 실제 행 수는 1000개이다.
- 인덱스 추가 후 조인 작업의 비용이 크게 줄어들었다.

#### 2) Filter on OPT Table (인덱스 조회)
- 예상 비용은 2.96이며, 예상 행 수는 10개이다.
- 실제 실행 시간은 0.0237밀리초에서 0.0399밀리초, 반환된 행 수는 10개이다.

#### 3) Covering Index Range Scan on OPT using idx_opt_concert_id_date_id
- 예상 비용은 2.96이며, 예상 행 수는 10개이다.
- 실제 실행 시간은 0.0208밀리초에서 0.0336밀리초
- 2)와 3)을 종합적으로 인덱스 전과 비교하면 PK만 인덱스로 있을 때와 비교하여 비용과 실행 시간 모두 늘어났다.

#### 4) Index lookup on S using idx_s_status_option_id
- 예상 비용은 34.4이며, 예상 행 수는 132개이다.
- 실제로 걸린 시간은 0.135밀리초에서 0.155밀리초이며, 실제 반환된 행 수는 100개이다.
- 인덱스 추가 후 작업 비용은 획기적으로 줄어들었으며 시간 역시 조금 줄어들었다.

<br>
   
### 2-4. 결론
#### 1) 인덱스 추가의 효과
- SEAT 테이블에 status와 concert_option_id를 포함하는 복합 인덱스를 추가한 결과, 전체 테이블 스캔을 인덱스 조회로 대체하여 데이터 필터링 성능이 향상되었다. 인덱스 조회는 전체 테이블 스캔보다 처리 시간이 줄어들어 성능이 개선되었다.
- CONCERT_OPTION 테이블에 concert_id, concert_date, 및 id를 포함하는 복합 인덱스를 추가한 결과, 시간과 비용은 늘어났으나 rows가 정확하게 계산되고 있다.

#### 2) 예상 시간 증가에 대한 분석
- 기존의 단일 열 인덱스(Primary Key 인덱스) 사용 시보다, 복합 인덱스를 추가한 후의 비용과 실행 시간이 전반적으로 증가했다. 특히, 마이크로초 단위에서 밀리초 단위로 시간이 늘어난 것을 확인할 수 있었다.
- 인덱스 범위와 스캔 비용: 범위 스캔을 수행할 때, 복합 인덱스는 모든 열을 검토해야 하므로 추가적인 비용이 발생할 수 있다.
- 인덱스 크기와 캐시 효율성: 복합 인덱스는 단일 열 인덱스에 비해 더 큰 크기를 가지며, 이로 인해 인덱스 캐시의 효율성이 떨어질 수 있다. 인덱스가 메모리에서 적절히 캐시되지 않으면 디스크에서 읽어야 하므로 시간이 증가할 수 있다.
- 쿼리의 복잡성 증가: 복합 인덱스는 여러 열을 포함하므로 쿼리 실행 계획의 복잡도가 증가할 수 있고, 이로 인해 인덱스 조회 시 더 많은 계산이 필요하여 실행 시간이 증가할 수 있다.

<br>

## 3. 마무리
인덱스 추가로 인한 성능 개선 효과는 분명히 있었으나, CONCERT_OPTION 테이블의 경우 복합 인덱스 사용으로 인해 비용과 실행 시간이 증가한 점도 있었다.   
SEAT 테이블의 인덱스 추가는 전체 테이블 스캔에서 벗어나 성능을 개선했으며, 이는 성공적으로 인덱스를 적용한 것으로 생각된다.    
반면, CONCERT_OPTION 테이블에서의 인덱스 추가는 효율성은 향상시키지만 비용과 실행 시간은 증가시키므로 원인을 분석하여 개선점을 찾아야 한다.   
다만 추가적으로 테스트해본 결과, CONCERT_OPTION 테이블의 인덱스를 없애보고 다르게 걸어보기도 했으나 오히려 시간이 더 증가하는 점으로 미루어 SEAT 테이블에 추가한 인덱스가 CONCERT_OPTION 테이블 조회에도 영향을 미치는 것으로 추측된다.   
